This is pdfTeX, Version 3.14159265-2.6-1.40.19 (MiKTeX 2.9.6880 64-bit) (preloaded format=pdflatex 2018.11.25)  4 DEC 2018 21:16
entering extended mode
**./fiche.tex
(fiche.tex
LaTeX2e <2018-04-01> patch level 5
("C:\Users\MacNic\AppData\Local\Programs\MiKTeX 2.9\tex\latex\base\article.cls"
Document Class: article 2014/09/29 v1.4h Standard LaTeX document class
("C:\Users\MacNic\AppData\Local\Programs\MiKTeX 2.9\tex\latex\base\size10.clo"
File: size10.clo 2014/09/29 v1.4h Standard LaTeX file (size option)
)
\c@part=\count80
\c@section=\count81
\c@subsection=\count82
\c@subsubsection=\count83
\c@paragraph=\count84
\c@subparagraph=\count85
\c@figure=\count86
\c@table=\count87
\abovecaptionskip=\skip41
\belowcaptionskip=\skip42
\bibindent=\dimen102
)
("C:\Users\MacNic\AppData\Local\Programs\MiKTeX 2.9\tex\generic\babel\babel.sty
"
Package: babel 2018/11/13 3.27 The Babel package

("C:\Users\MacNic\AppData\Local\Programs\MiKTeX 2.9\tex\generic\babel\switch.de
f"
File: switch.def 2018/11/13 3.27 Babel switching mechanism
)
*************************************
* Local config file bblopts.cfg used
*
("C:\Users\MacNic\AppData\Local\Programs\MiKTeX 2.9\tex\latex\arabi\bblopts.cfg
"
File: bblopts.cfg 2005/09/08 v0.1 add Arabic and Farsi to "declared" options of
 babel
)
("C:\Users\MacNic\AppData\Local\Programs\MiKTeX 2.9\tex\generic\babel-french\fr
ench.ldf"
Language: french 2018/09/14 v3.5c French support from the babel system

("C:\Users\MacNic\AppData\Local\Programs\MiKTeX 2.9\tex\generic\babel\babel.def
"
File: babel.def 2018/11/13 3.27 Babel common definitions
\babel@savecnt=\count88
\U@D=\dimen103

("C:\Users\MacNic\AppData\Local\Programs\MiKTeX 2.9\tex\generic\babel\txtbabel.
def")
\bbl@dirlevel=\count89
)
\l@acadian = a dialect from \language\l@french 
\FB@nonchar=\count90
Package babel Info: Making : an active character on input line 414.
Package babel Info: Making ; an active character on input line 415.
Package babel Info: Making ! an active character on input line 416.
Package babel Info: Making ? an active character on input line 417.
\FBguill@level=\count91
\FBold@everypar=\toks14
\FB@Mht=\dimen104
\mc@charclass=\count92
\mc@charfam=\count93
\mc@charslot=\count94
\std@mcc=\count95
\dec@mcc=\count96
\c@FBcaption@count=\count97
\listindentFB=\dimen105
\descindentFB=\dimen106
\labelindentFB=\dimen107
\labelwidthFB=\dimen108
\leftmarginFB=\dimen109
\parindentFFN=\dimen110
\FBfnindent=\dimen111
))
("C:\Users\MacNic\AppData\Local\Programs\MiKTeX 2.9\tex\latex\carlisle\scalefnt
.sty")
("C:\Users\MacNic\AppData\Local\Programs\MiKTeX 2.9\tex\latex\graphics\keyval.s
ty"
Package: keyval 2014/10/28 v1.15 key=value parser (DPC)
\KV@toks@=\toks15
)
("C:\Users\MacNic\AppData\Local\Programs\MiKTeX 2.9\tex\latex\base\fontenc.sty"
Package: fontenc 2017/04/05 v2.0i Standard LaTeX package
("C:\Users\MacNic\AppData\Local\Programs\MiKTeX 2.9\tex\latex\base\t1enc.def"
File: t1enc.def 2017/04/05 v2.0i Standard LaTeX file
LaTeX Font Info:    Redeclaring font encoding T1 on input line 48.
)) ("C:\Users\MacNic\AppData\Local\Programs\MiKTeX 2.9\tex\latex\base\inputenc.
sty"
Package: inputenc 2018/04/06 v1.3b Input encoding file
\inpenc@prehook=\toks16
\inpenc@posthook=\toks17
)
("C:\Users\MacNic\AppData\Local\Programs\MiKTeX 2.9\tex\latex\listings\listings
.sty"
\lst@mode=\count98
\lst@gtempboxa=\box26
\lst@token=\toks18
\lst@length=\count99
\lst@currlwidth=\dimen112
\lst@column=\count100
\lst@pos=\count101
\lst@lostspace=\dimen113
\lst@width=\dimen114
\lst@newlines=\count102
\lst@lineno=\count103
\lst@maxwidth=\dimen115

("C:\Users\MacNic\AppData\Local\Programs\MiKTeX 2.9\tex\latex\listings\lstmisc.
sty"
File: lstmisc.sty 2018/09/02 1.7 (Carsten Heinz)
\c@lstnumber=\count104
\lst@skipnumbers=\count105
\lst@framebox=\box27
)
("C:\Users\MacNic\AppData\Local\Programs\MiKTeX 2.9\tex\latex\listings\listings
.cfg"
File: listings.cfg 2018/09/02 1.7 listings configuration
))
Package: listings 2018/09/02 1.7 (Carsten Heinz)

("C:\Users\MacNic\AppData\Local\Programs\MiKTeX 2.9\tex\latex\graphics\color.st
y"
Package: color 2016/07/10 v1.1e Standard LaTeX Color (DPC)

("C:\Users\MacNic\AppData\Local\Programs\MiKTeX 2.9\tex\latex\graphics-cfg\colo
r.cfg"
File: color.cfg 2016/01/02 v1.6 sample color configuration
)
Package color Info: Driver file: pdftex.def on input line 147.

("C:\Users\MacNic\AppData\Local\Programs\MiKTeX 2.9\tex\latex\graphics-def\pdft
ex.def"
File: pdftex.def 2018/01/08 v1.0l Graphics/color driver for pdftex
))
("C:\Users\MacNic\AppData\Local\Programs\MiKTeX 2.9\tex\latex\oberdiek\listings
utf8.sty"
Package: listingsutf8 2016/05/16 v1.3 Allow UTF-8 in listings input (HO)

("C:\Users\MacNic\AppData\Local\Programs\MiKTeX 2.9\tex\generic\oberdiek\pdftex
cmds.sty"
Package: pdftexcmds 2018/09/10 v0.29 Utility functions of pdfTeX for LuaTeX (HO
)

("C:\Users\MacNic\AppData\Local\Programs\MiKTeX 2.9\tex\generic\oberdiek\infwar
err.sty"
Package: infwarerr 2016/05/16 v1.4 Providing info/warning/error messages (HO)
)
("C:\Users\MacNic\AppData\Local\Programs\MiKTeX 2.9\tex\generic\oberdiek\ifluat
ex.sty"
Package: ifluatex 2016/05/16 v1.4 Provides the ifluatex switch (HO)
Package ifluatex Info: LuaTeX not detected.
)
("C:\Users\MacNic\AppData\Local\Programs\MiKTeX 2.9\tex\generic\oberdiek\ltxcmd
s.sty"
Package: ltxcmds 2016/05/16 v1.23 LaTeX kernel commands for general use (HO)
)
("C:\Users\MacNic\AppData\Local\Programs\MiKTeX 2.9\tex\generic\oberdiek\ifpdf.
sty"
Package: ifpdf 2018/09/07 v3.3 Provides the ifpdf switch
)
Package pdftexcmds Info: LuaTeX not detected.
Package pdftexcmds Info: \pdf@primitive is available.
Package pdftexcmds Info: \pdf@ifprimitive is available.
Package pdftexcmds Info: \pdfdraftmode found.
)
("C:\Users\MacNic\AppData\Local\Programs\MiKTeX 2.9\tex\generic\oberdiek\string
enc.sty"
Package: stringenc 2016/05/16 v1.11 Convert strings between diff. encodings (HO
)

("C:\Users\MacNic\AppData\Local\Programs\MiKTeX 2.9\tex\generic\oberdiek\pdfesc
ape.sty"
Package: pdfescape 2016/05/16 v1.14 Implements pdfTeX's escape features (HO)
)))
("C:\Users\MacNic\AppData\Local\Programs\MiKTeX 2.9\tex\latex\graphics\graphicx
.sty"
Package: graphicx 2017/06/01 v1.1a Enhanced LaTeX Graphics (DPC,SPQR)

("C:\Users\MacNic\AppData\Local\Programs\MiKTeX 2.9\tex\latex\graphics\graphics
.sty"
Package: graphics 2017/06/25 v1.2c Standard LaTeX Graphics (DPC,SPQR)

("C:\Users\MacNic\AppData\Local\Programs\MiKTeX 2.9\tex\latex\graphics\trig.sty
"
Package: trig 2016/01/03 v1.10 sin cos tan (DPC)
)
("C:\Users\MacNic\AppData\Local\Programs\MiKTeX 2.9\tex\latex\graphics-cfg\grap
hics.cfg"
File: graphics.cfg 2016/06/04 v1.11 sample graphics configuration
)
Package graphics Info: Driver file: pdftex.def on input line 99.
)
\Gin@req@height=\dimen116
\Gin@req@width=\dimen117
) (fiche.aux)
\openout1 = `fiche.aux'.

LaTeX Font Info:    Checking defaults for OML/cmm/m/it on input line 64.
LaTeX Font Info:    ... okay on input line 64.
LaTeX Font Info:    Checking defaults for T1/cmr/m/n on input line 64.
LaTeX Font Info:    ... okay on input line 64.
LaTeX Font Info:    Checking defaults for OT1/cmr/m/n on input line 64.
LaTeX Font Info:    ... okay on input line 64.
LaTeX Font Info:    Checking defaults for OMS/cmsy/m/n on input line 64.
LaTeX Font Info:    ... okay on input line 64.
LaTeX Font Info:    Checking defaults for OMX/cmex/m/n on input line 64.
LaTeX Font Info:    ... okay on input line 64.
LaTeX Font Info:    Checking defaults for U/cmr/m/n on input line 64.
LaTeX Font Info:    ... okay on input line 64.
LaTeX Info: Redefining \degres on input line 64.
LaTeX Info: Redefining \dots on input line 64.
LaTeX Info: Redefining \up on input line 64.
\c@lstlisting=\count106

("C:\Users\MacNic\AppData\Local\Programs\MiKTeX 2.9\tex\context\base\supp-pdf.m
kii"
[Loading MPS to PDF converter (version 2006.09.02).]
\scratchcounter=\count107
\scratchdimen=\dimen118
\scratchbox=\box28
\nofMPsegments=\count108
\nofMParguments=\count109
\everyMPshowfont=\toks19
\MPscratchCnt=\count110
\MPscratchDim=\dimen119
\MPnumerator=\count111
\makeMPintoPDFobject=\count112
\everyMPtoPDFconversion=\toks20
)
("C:\Users\MacNic\AppData\Local\Programs\MiKTeX 2.9\tex\latex\oberdiek\epstopdf
-base.sty"
Package: epstopdf-base 2016/05/15 v2.6 Base part for package epstopdf

("C:\Users\MacNic\AppData\Local\Programs\MiKTeX 2.9\tex\latex\oberdiek\grfext.s
ty"
Package: grfext 2016/05/16 v1.2 Manage graphics extensions (HO)

("C:\Users\MacNic\AppData\Local\Programs\MiKTeX 2.9\tex\generic\oberdiek\kvdefi
nekeys.sty"
Package: kvdefinekeys 2016/05/16 v1.4 Define keys (HO)
))
("C:\Users\MacNic\AppData\Local\Programs\MiKTeX 2.9\tex\latex\oberdiek\kvoption
s.sty"
Package: kvoptions 2016/05/16 v3.12 Key value format for package options (HO)

("C:\Users\MacNic\AppData\Local\Programs\MiKTeX 2.9\tex\generic\oberdiek\kvsetk
eys.sty"
Package: kvsetkeys 2016/05/16 v1.17 Key value parser (HO)

("C:\Users\MacNic\AppData\Local\Programs\MiKTeX 2.9\tex\generic\oberdiek\etexcm
ds.sty"
Package: etexcmds 2016/05/16 v1.6 Avoid name clashes with e-TeX commands (HO)
)))
Package epstopdf-base Info: Redefining graphics rule for `.eps' on input line 4
38.
Package grfext Info: Graphics extension search list:
(grfext)             [.pdf,.png,.jpg,.mps,.jpeg,.jbig2,.jb2,.PDF,.PNG,.JPG,.JPE
G,.JBIG2,.JB2,.eps]
(grfext)             \AppendGraphicsExtensions on input line 456.
)
LaTeX Font Info:    External font `cmex10' loaded for size
(Font)              <12> on input line 67.
LaTeX Font Info:    External font `cmex10' loaded for size
(Font)              <8> on input line 67.
LaTeX Font Info:    External font `cmex10' loaded for size
(Font)              <6> on input line 67.
 [1

{C:/Users/MacNic/AppData/Local/MiKTeX/2.9/pdftex/config/pdftex.map}] (fiche.toc
LaTeX Font Info:    External font `cmex10' loaded for size
(Font)              <7> on input line 3.
LaTeX Font Info:    External font `cmex10' loaded for size
(Font)              <5> on input line 3.
)
\tf@toc=\write3
\openout3 = `fiche.toc'.

 [1]
("C:\Users\MacNic\AppData\Local\Programs\MiKTeX 2.9\tex\latex\listings\lstlang1
.sty"
File: lstlang1.sty 2018/09/02 1.7 listings language file
)
("C:\Users\MacNic\AppData\Local\Programs\MiKTeX 2.9\tex\latex\base\latin9.def"
File: latin9.def 2018/04/06 v1.3b Input encoding file
)
("C:\Users\MacNic\AppData\Local\Programs\MiKTeX 2.9\tex\generic\oberdiek\se-utf
8.def"
File: se-utf8.def 2016/05/16 v1.11 stringenc: UTF-8
)
("C:\Users\MacNic\AppData\Local\Programs\MiKTeX 2.9\tex\generic\oberdiek\se-iso
-8859-15.def"
File: se-iso-8859-15.def 2016/05/16 v1.11 stringenc: ISO-8859-15
)
Underfull \hbox (badness 10000) in paragraph at lines 83--84

 []

<./Images/step1.jpg, id=13, 1029.8475pt x 578.16pt>
File: ./Images/step1.jpg Graphic file (type jpg)
<use ./Images/step1.jpg>
Package pdftex.def Info: ./Images/step1.jpg  used on input line 86.
(pdftex.def)             Requested size: 205.96585pt x 115.62994pt.
[2 <./Images/step1.jpg>]
Overfull \hbox (8.945pt too wide) in paragraph at lines 93--94
[]\T1/cmr/m/n/10 Dans le ré-per-toire "images" fourni, on peut trou-ver plu-sie
urs types de branches,
 []

<./Images/boo.png, id=23, 22.4037pt x 17.5857pt>
File: ./Images/boo.png Graphic file (type png)
<use ./Images/boo.png>
Package pdftex.def Info: ./Images/boo.png  used on input line 96.
(pdftex.def)             Requested size: 44.80728pt x 35.17126pt.
<./Images/good_branch_left.png, id=25, 254.9525pt x 89.33376pt>
File: ./Images/good_branch_left.png Graphic file (type png)
<use ./Images/good_branch_left.png>
Package pdftex.def Info: ./Images/good_branch_left.png  used on input line 97.
(pdftex.def)             Requested size: 127.47592pt x 44.66676pt.
<./Images/good_branch_right.png, id=26, 254.9525pt x 89.33376pt>
File: ./Images/good_branch_right.png Graphic file (type png)
<use ./Images/good_branch_right.png>
Package pdftex.def Info: ./Images/good_branch_right.png  used on input line 98.

(pdftex.def)             Requested size: 127.47592pt x 44.66676pt.
<./Images/tips.png, id=27, 224.84pt x 225.84375pt>
File: ./Images/tips.png Graphic file (type png)
<use ./Images/tips.png>
Package pdftex.def Info: ./Images/tips.png  used on input line 101.
(pdftex.def)             Requested size: 17.98756pt x 18.06786pt.

Underfull \hbox (badness 10000) in paragraph at lines 101--102

 []

("C:\Users\MacNic\AppData\Local\Programs\MiKTeX 2.9\tex\latex\base\latin9.def"
File: latin9.def 2018/04/06 v1.3b Input encoding file
)
<./Images/work_in_progress.jpg, id=28, 237.88875pt x 213.79875pt>
File: ./Images/work_in_progress.jpg Graphic file (type jpg)
<use ./Images/work_in_progress.jpg>
Package pdftex.def Info: ./Images/work_in_progress.jpg  used on input line 107.

(pdftex.def)             Requested size: 23.79025pt x 21.38112pt.

Underfull \hbox (badness 10000) in paragraph at lines 107--108

 []


Underfull \hbox (badness 10000) in paragraph at lines 111--112

 []

<./Images/green_tick.jpg, id=29, 216.81pt x 233.87375pt>
File: ./Images/green_tick.jpg Graphic file (type jpg)
<use ./Images/green_tick.jpg>
Package pdftex.def Info: ./Images/green_tick.jpg  used on input line 115.
(pdftex.def)             Requested size: 21.68227pt x 23.38873pt.

Underfull \hbox (badness 10000) in paragraph at lines 115--116

 []

<./Images/step2.jpg, id=30, 1029.09468pt x 578.16pt>
File: ./Images/step2.jpg Graphic file (type jpg)
<use ./Images/step2.jpg>
Package pdftex.def Info: ./Images/step2.jpg  used on input line 120.
(pdftex.def)             Requested size: 205.81528pt x 115.62994pt.
[3 <./Images/boo.png> <./Images/good_branch_left.png> <./Images/good_branch_rig
ht.png> <./Images/tips.png> <./Images/work_in_progress.jpg> <./Images/green_tic
k.jpg>]
Underfull \hbox (badness 10000) in paragraph at lines 126--127

 []


Underfull \hbox (badness 10000) in paragraph at lines 133--134

 []

<./Images/step3-1.jpg, id=39, 1029.8475pt x 579.66562pt>
File: ./Images/step3-1.jpg Graphic file (type jpg)
<use ./Images/step3-1.jpg>
Package pdftex.def Info: ./Images/step3-1.jpg  used on input line 147.
(pdftex.def)             Requested size: 205.96585pt x 115.93106pt.
<./Images/step3-2.jpg, id=40, 1029.09468pt x 578.16pt>
File: ./Images/step3-2.jpg Graphic file (type jpg)
<use ./Images/step3-2.jpg>
Package pdftex.def Info: ./Images/step3-2.jpg  used on input line 148.
(pdftex.def)             Requested size: 205.81528pt x 115.62994pt.
[4 <./Images/step2.jpg> <./Images/step3-1.jpg>]
File: ./Images/tips.png Graphic file (type png)
<use ./Images/tips.png>
Package pdftex.def Info: ./Images/tips.png  used on input line 151.
(pdftex.def)             Requested size: 17.98756pt x 18.06786pt.

Underfull \hbox (badness 10000) in paragraph at lines 151--152

 []


Underfull \hbox (badness 10000) in paragraph at lines 154--155

 []

<./Images/horloge.png, id=45, 374.39874pt x 135.50626pt>
File: ./Images/horloge.png Graphic file (type png)
<use ./Images/horloge.png>
Package pdftex.def Info: ./Images/horloge.png  used on input line 157.
(pdftex.def)             Requested size: 299.5194pt x 108.40514pt.

Underfull \hbox (badness 10000) in paragraph at lines 161--162

 []


Underfull \hbox (badness 10000) in paragraph at lines 163--164

 []

("C:\Users\MacNic\AppData\Local\Programs\MiKTeX 2.9\tex\latex\base\latin9.def"
File: latin9.def 2018/04/06 v1.3b Input encoding file
) [5 <./Images/step3-2.jpg> <./Images/horloge.png>]
File: ./Images/work_in_progress.jpg Graphic file (type jpg)
<use ./Images/work_in_progress.jpg>
Package pdftex.def Info: ./Images/work_in_progress.jpg  used on input line 170.

(pdftex.def)             Requested size: 23.79025pt x 21.38112pt.

Underfull \hbox (badness 10000) in paragraph at lines 170--171

 []


Underfull \hbox (badness 10000) in paragraph at lines 172--173

 []


Underfull \hbox (badness 10000) in paragraph at lines 174--175

 []


Underfull \hbox (badness 10000) in paragraph at lines 176--177

 []

<./Images/step3-3.jpg, id=52, 1029.09468pt x 578.16pt>
File: ./Images/step3-3.jpg Graphic file (type jpg)
<use ./Images/step3-3.jpg>
Package pdftex.def Info: ./Images/step3-3.jpg  used on input line 179.
(pdftex.def)             Requested size: 205.81528pt x 115.62994pt.
File: ./Images/green_tick.jpg Graphic file (type jpg)
<use ./Images/green_tick.jpg>
Package pdftex.def Info: ./Images/green_tick.jpg  used on input line 182.
(pdftex.def)             Requested size: 21.68227pt x 23.38873pt.

Underfull \hbox (badness 10000) in paragraph at lines 182--183

 []

[6 <./Images/step3-3.jpg>]
Underfull \hbox (badness 10000) in paragraph at lines 188--189

 []


Underfull \hbox (badness 10000) in paragraph at lines 190--191

 []

<./Images/step4-1.jpg, id=57, 1029.09468pt x 578.16pt>
File: ./Images/step4-1.jpg Graphic file (type jpg)
<use ./Images/step4-1.jpg>
Package pdftex.def Info: ./Images/step4-1.jpg  used on input line 195.
(pdftex.def)             Requested size: 205.81528pt x 115.62994pt.
File: ./Images/tips.png Graphic file (type png)
<use ./Images/tips.png>
Package pdftex.def Info: ./Images/tips.png  used on input line 198.
(pdftex.def)             Requested size: 17.98756pt x 18.06786pt.

Underfull \hbox (badness 10000) in paragraph at lines 198--199

 []


Underfull \hbox (badness 10000) in paragraph at lines 202--203

 []

[7 <./Images/step4-1.jpg>]
Underfull \hbox (badness 10000) in paragraph at lines 219--220

 []

File: ./Images/work_in_progress.jpg Graphic file (type jpg)
<use ./Images/work_in_progress.jpg>
Package pdftex.def Info: ./Images/work_in_progress.jpg  used on input line 221.

(pdftex.def)             Requested size: 23.79025pt x 21.38112pt.

Underfull \hbox (badness 10000) in paragraph at lines 221--222

 []


Underfull \hbox (badness 10000) in paragraph at lines 223--224

 []

File: ./Images/green_tick.jpg Graphic file (type jpg)
<use ./Images/green_tick.jpg>
Package pdftex.def Info: ./Images/green_tick.jpg  used on input line 225.
(pdftex.def)             Requested size: 21.68227pt x 23.38873pt.

Underfull \hbox (badness 10000) in paragraph at lines 225--226

 []

<./Images/Image_4.jpg, id=61, 1028.34187pt x 580.41844pt>
File: ./Images/Image_4.jpg Graphic file (type jpg)
<use ./Images/Image_4.jpg>
Package pdftex.def Info: ./Images/Image_4.jpg  used on input line 234.
(pdftex.def)             Requested size: 205.66473pt x 116.08162pt.
File: ./Images/tips.png Graphic file (type png)
<use ./Images/tips.png>
Package pdftex.def Info: ./Images/tips.png  used on input line 237.
(pdftex.def)             Requested size: 17.98756pt x 18.06786pt.

Underfull \hbox (badness 10000) in paragraph at lines 237--238

 []


Underfull \hbox (badness 10000) in paragraph at lines 241--242

 []

[8 <./Images/Image_4.jpg>]
("C:\Users\MacNic\AppData\Local\Programs\MiKTeX 2.9\tex\latex\base\latin9.def"
File: latin9.def 2018/04/06 v1.3b Input encoding file
) ("C:\Users\MacNic\AppData\Local\Programs\MiKTeX 2.9\tex\latex\base\latin9.def
"
File: latin9.def 2018/04/06 v1.3b Input encoding file
)
File: ./Images/work_in_progress.jpg Graphic file (type jpg)
<use ./Images/work_in_progress.jpg>
Package pdftex.def Info: ./Images/work_in_progress.jpg  used on input line 257.

(pdftex.def)             Requested size: 23.79025pt x 21.38112pt.

Underfull \hbox (badness 10000) in paragraph at lines 257--258

 []


Underfull \hbox (badness 10000) in paragraph at lines 259--260

 []

File: ./Images/green_tick.jpg Graphic file (type jpg)
<use ./Images/green_tick.jpg>
Package pdftex.def Info: ./Images/green_tick.jpg  used on input line 261.
(pdftex.def)             Requested size: 21.68227pt x 23.38873pt.

Underfull \hbox (badness 10000) in paragraph at lines 261--262

 []

[9]
Underfull \hbox (badness 10000) in paragraph at lines 273--274

 []


Underfull \hbox (badness 10000) in paragraph at lines 275--276

 []

File: ./Images/tips.png Graphic file (type png)
<use ./Images/tips.png>
Package pdftex.def Info: ./Images/tips.png  used on input line 277.
(pdftex.def)             Requested size: 17.98756pt x 18.06786pt.

Underfull \hbox (badness 10000) in paragraph at lines 277--278

 []


Underfull \hbox (badness 10000) in paragraph at lines 283--284

 []

File: ./Images/work_in_progress.jpg Graphic file (type jpg)
<use ./Images/work_in_progress.jpg>
Package pdftex.def Info: ./Images/work_in_progress.jpg  used on input line 287.

(pdftex.def)             Requested size: 23.79025pt x 21.38112pt.

Underfull \hbox (badness 10000) in paragraph at lines 287--288

 []


Underfull \hbox (badness 10000) in paragraph at lines 289--290

 []

File: ./Images/green_tick.jpg Graphic file (type jpg)
<use ./Images/green_tick.jpg>
Package pdftex.def Info: ./Images/green_tick.jpg  used on input line 291.
(pdftex.def)             Requested size: 21.68227pt x 23.38873pt.

Underfull \hbox (badness 10000) in paragraph at lines 291--292

 []


Underfull \hbox (badness 10000) in paragraph at lines 297--298

 []

File: ./Images/tips.png Graphic file (type png)
<use ./Images/tips.png>
Package pdftex.def Info: ./Images/tips.png  used on input line 299.
(pdftex.def)             Requested size: 17.98756pt x 18.06786pt.

Underfull \hbox (badness 10000) in paragraph at lines 299--300

 []


Underfull \hbox (badness 10000) in paragraph at lines 303--304

 []


Underfull \hbox (badness 10000) in paragraph at lines 305--306

 []

[10]
File: ./Images/work_in_progress.jpg Graphic file (type jpg)
<use ./Images/work_in_progress.jpg>
Package pdftex.def Info: ./Images/work_in_progress.jpg  used on input line 309.

(pdftex.def)             Requested size: 23.79025pt x 21.38112pt.

Underfull \hbox (badness 10000) in paragraph at lines 309--310

 []


Underfull \hbox (badness 10000) in paragraph at lines 315--316

 []

File: ./Images/tips.png Graphic file (type png)
<use ./Images/tips.png>
Package pdftex.def Info: ./Images/tips.png  used on input line 317.
(pdftex.def)             Requested size: 17.98756pt x 18.06786pt.

Underfull \hbox (badness 10000) in paragraph at lines 317--318

 []


Underfull \hbox (badness 10000) in paragraph at lines 321--322

 []


Underfull \hbox (badness 10000) in paragraph at lines 323--324

 []


Underfull \hbox (badness 10000) in paragraph at lines 325--326

 []

File: ./Images/work_in_progress.jpg Graphic file (type jpg)
<use ./Images/work_in_progress.jpg>
Package pdftex.def Info: ./Images/work_in_progress.jpg  used on input line 329.

(pdftex.def)             Requested size: 23.79025pt x 21.38112pt.

Underfull \hbox (badness 10000) in paragraph at lines 329--330

 []


Underfull \hbox (badness 10000) in paragraph at lines 331--332

 []

File: ./Images/green_tick.jpg Graphic file (type jpg)
<use ./Images/green_tick.jpg>
Package pdftex.def Info: ./Images/green_tick.jpg  used on input line 333.
(pdftex.def)             Requested size: 21.68227pt x 23.38873pt.

Underfull \hbox (badness 10000) in paragraph at lines 333--334

 []

<./Images/bomb.png, id=71, 17.5857pt x 17.8266pt>
File: ./Images/bomb.png Graphic file (type png)
<use ./Images/bomb.png>
Package pdftex.def Info: ./Images/bomb.png  used on input line 344.
(pdftex.def)             Requested size: 35.17126pt x 35.65308pt.
[11]
Underfull \hbox (badness 10000) in paragraph at lines 347--348

 []

File: ./Images/tips.png Graphic file (type png)
<use ./Images/tips.png>
Package pdftex.def Info: ./Images/tips.png  used on input line 349.
(pdftex.def)             Requested size: 17.98756pt x 18.06786pt.

Underfull \hbox (badness 10000) in paragraph at lines 349--350

 []


Underfull \hbox (badness 10000) in paragraph at lines 353--354

 []


Underfull \hbox (badness 10000) in paragraph at lines 355--356

 []


Underfull \hbox (badness 10000) in paragraph at lines 357--358

 []

<./Images/bad_branch_left.png, id=75, 254.9525pt x 89.33376pt>
File: ./Images/bad_branch_left.png Graphic file (type png)
<use ./Images/bad_branch_left.png>
Package pdftex.def Info: ./Images/bad_branch_left.png  used on input line 366.
(pdftex.def)             Requested size: 127.47592pt x 44.66676pt.
<./Images/bad_branch_right.png, id=76, 254.9525pt x 89.33376pt>
File: ./Images/bad_branch_right.png Graphic file (type png)
<use ./Images/bad_branch_right.png>
Package pdftex.def Info: ./Images/bad_branch_right.png  used on input line 367.

(pdftex.def)             Requested size: 127.47592pt x 44.66676pt.

Underfull \hbox (badness 10000) in paragraph at lines 370--371

 []

File: ./Images/tips.png Graphic file (type png)
<use ./Images/tips.png>
Package pdftex.def Info: ./Images/tips.png  used on input line 372.
(pdftex.def)             Requested size: 17.98756pt x 18.06786pt.

Underfull \hbox (badness 10000) in paragraph at lines 372--373

 []


Underfull \hbox (badness 10000) in paragraph at lines 376--377

 []


Underfull \hbox (badness 10000) in paragraph at lines 378--379

 []


Underfull \hbox (badness 10000) in paragraph at lines 380--381

 []


Underfull \hbox (badness 10000) in paragraph at lines 382--383

 []

[12 <./Images/bomb.png> <./Images/bad_branch_left.png> <./Images/bad_branch_rig
ht.png>] [13] (fiche.aux) ) 
Here is how much of TeX's memory you used:
 5381 strings out of 492969
 77712 string characters out of 3126141
 384160 words of memory out of 3000000
 9152 multiletter control sequences out of 15000+200000
 15538 words of font info for 35 fonts, out of 3000000 for 9000
 1141 hyphenation exceptions out of 8191
 39i,6n,43p,457b,2230s stack positions out of 5000i,500n,10000p,200000b,50000s
 <C:\Users\MacNic\AppData\Local\MiKTeX\2.9\fonts\pk\
ljfour\jknappen\ec\dpi600\ecbi1000.pk> <C:\Users\MacNic\AppData\Local\MiKTeX\2.
9\fonts\pk\ljfour\jknappen\ec\dpi600\ecrm0800.pk> <C:\Users\MacNic\AppData\Loca
l\MiKTeX\2.9\fonts\pk\ljfour\jknappen\ec\dpi600\ecrm0500.pk> <C:\Users\MacNic\A
ppData\Local\MiKTeX\2.9\fonts\pk\ljfour\jknappen\ec\dpi600\ecbx1200.pk> <C:\Use
rs\MacNic\AppData\Local\MiKTeX\2.9\fonts\pk\ljfour\jknappen\ec\dpi600\ecrm0900.
pk> <C:\Users\MacNic\AppData\Local\MiKTeX\2.9\fonts\pk\ljfour\jknappen\ec\dpi60
0\ecbx0900.pk> <C:\Users\MacNic\AppData\Local\MiKTeX\2.9\fonts\pk\ljfour\jknapp
en\ec\dpi600\ecbx1000.pk> <C:\Users\MacNic\AppData\Local\MiKTeX\2.9\fonts\pk\lj
four\jknappen\ec\dpi600\ecbx1440.pk> <C:\Users\MacNic\AppData\Local\MiKTeX\2.9\
fonts\pk\ljfour\jknappen\ec\dpi600\ecrm1000.pk> <C:\Users\MacNic\AppData\Local\
MiKTeX\2.9\fonts\pk\ljfour\jknappen\ec\dpi600\ecrm1200.pk> <C:\Users\MacNic\App
Data\Local\MiKTeX\2.9\fonts\pk\ljfour\jknappen\ec\dpi600\ecrm1728.pk><C:/Users/
MacNic/AppData/Local/Programs/MiKTeX 2.9/fonts/type1/public/amsfonts/cm/cmmi10.
pfb><C:/Users/MacNic/AppData/Local/Programs/MiKTeX 2.9/fonts/type1/public/amsfo
nts/cm/cmr10.pfb><C:/Users/MacNic/AppData/Local/Programs/MiKTeX 2.9/fonts/type1
/public/amsfonts/cm/cmsy10.pfb><C:/Users/MacNic/AppData/Local/Programs/MiKTeX 2
.9/fonts/type1/public/amsfonts/cm/cmsy8.pfb>
Output written on fiche.pdf (14 pages, 1112254 bytes).
PDF statistics:
 475 PDF objects out of 1000 (max. 8388607)
 0 named destinations out of 1000 (max. 500000)
 86 words of extra memory for PDF output out of 10000 (max. 10000000)

